<?xml version="1.0" encoding="UTF-8"?>
<!-- Generated by org.testng.reporters.JUnitReportReporter -->
<testsuite hostname="LAPTOP-I9RA3P8J" failures="0" tests="4" name="mobileTest.CalculatorTest" time="24.134" errors="0" timestamp="2026-06-22T23:17:27 IST" skipped="0">
  <testcase classname="mobileTest.CalculatorTest" name="divisionTest" time="6.670"/>
  <testcase classname="mobileTest.CalculatorTest" name="subtractTest" time="5.107"/>
  <testcase classname="mobileTest.CalculatorTest" name="additionTest" time="5.371"/>
  <testcase classname="mobileTest.CalculatorTest" name="multiplicationTest" time="6.986"/>
</testsuite> <!-- mobileTest.CalculatorTest -->
