<?xml version="1.0" encoding="UTF-8"?>
<testng-results ignored="0" total="1" passed="1" failed="0" skipped="0">
  <reporter-output>
  </reporter-output>
  <suite started-at="2026-06-23T00:20:06 IST" name="Default suite" finished-at="2026-06-23T00:20:16 IST" duration-ms="10517">
    <groups>
    </groups>
    <test started-at="2026-06-23T00:20:06 IST" name="Default test" finished-at="2026-06-23T00:20:16 IST" duration-ms="10517">
      <class name="mobileTest.AlarmTest">
        <test-method is-config="true" signature="setup()[pri:0, instance:mobileTest.AlarmTest@10e31a9a]" started-at="2026-06-23T00:20:06 IST" name="setup" finished-at="2026-06-23T00:20:11 IST" duration-ms="5090" status="PASS">
          <reporter-output>
          </reporter-output>
        </test-method> <!-- setup -->
        <test-method signature="setAlarmToFiveAM()[pri:0, instance:mobileTest.AlarmTest@10e31a9a]" started-at="2026-06-23T00:20:11 IST" name="setAlarmToFiveAM" finished-at="2026-06-23T00:20:16 IST" duration-ms="4591" status="PASS">
          <reporter-output>
          </reporter-output>
        </test-method> <!-- setAlarmToFiveAM -->
        <test-method is-config="true" signature="tearDown()[pri:0, instance:mobileTest.AlarmTest@10e31a9a]" started-at="2026-06-23T00:20:16 IST" name="tearDown" finished-at="2026-06-23T00:20:16 IST" duration-ms="793" status="PASS">
          <reporter-output>
          </reporter-output>
        </test-method> <!-- tearDown -->
      </class> <!-- mobileTest.AlarmTest -->
    </test> <!-- Default test -->
  </suite> <!-- Default suite -->
</testng-results>
